White's move: R
R
P
start
good
up
P has moved 1 times.
down
position is h4
Piece at new position is P
nice
Black's move: p
start
good
up
p has moved 1 times.
down
position is g5
Piece at new position is p
nice
White's move: P
start
good
up
P has moved 1 times.
down
position is g4
Piece at new position is P
nice
Black's move: b
r
p
start
good
up
p has moved 1 times.
down
position is a5
Piece at new position is p
nice
White's move: P
start
good
up
P has moved 1 times.
down
position is f4
Piece at new position is P
nice
Black's move: r
start
good
up
r has moved 1 times.
down
position is a6
Piece at new position is r
nice
White's move: N
start
good
up
N has moved 1 times.
down
position is h3
Piece at new position is N
nice
Black's move: p
start
good
up
p has moved 2 times.
down
position is a4
Piece at new position is p
nice
White's move: Q
P
P
start
good
up
P has moved 1 times.
down
position is a3
Piece at new position is P
nice
Black's move: n
start
good
up
n has moved 1 times.
down
position is f6
Piece at new position is n
nice
White's move: P
start
good
up
P has moved 1 times.
down
position is e3
Piece at new position is P
nice
Black's move: p
start
good
up
p has moved 1 times.
down
position is c5
Piece at new position is p
nice
White's move: N
start
good
up
N has moved 2 times.
down
position is g1
Piece at new position is N
nice
Black's move: p
start
good
capture
up
p has moved 2 times.
down
position is f4
Piece at new position is p
nice
White's move: P
start
good
up
P has moved 2 times.
down
position is e4
Piece at new position is P
nice
Black's move: p
start
good
up
p has moved 2 times.
down
position is c4
Piece at new position is p
nice
White's move: B
B
P
start
good
up
P has moved 2 times.
down
position is g5
Piece at new position is P
nice
Black's move: q
start
good
up
q has moved 1 times.
down
position is a5
Piece at new position is q
nice
White's move: P
start
good
up
P has moved 1 times.
down
position is c3
Piece at new position is P
nice
Black's move: p
start
good
up
p has moved 1 times.
down
position is b6
Piece at new position is p
nice
White's move: P
start
good
capture
up
P has moved 3 times.
down
position is f6
Piece at new position is P
nice
Black's move: b
start
good
up
b has moved 1 times.
down
position is b7
Piece at new position is b
nice
White's move: P
start
good
up
P has moved 1 times.
down
position is d3
Piece at new position is P
nice
Black's move: p
p
start
good
capture
up
p has moved 3 times.
down
position is d3
Piece at new position is p
nice
White's move: R
start
good
up
R has moved 1 times.
down
position is a2
Piece at new position is R
nice
Black's move: k
start
good
up
k has moved 1 times.
down
position is d8
Piece at new position is k
nice
White's move: R
start
good
up
R has moved 2 times.
down
position is a1
Piece at new position is R
nice
Black's move: p
start
good
up
p has moved 1 times.
down
position is h5
Piece at new position is p
nice
White's move: N
start
good
up
N has moved 1 times.
down
position is d2
Piece at new position is N
nice
Black's move: p
start
good
up
p has moved 1 times.
down
position is d5
Piece at new position is p
nice
White's move: P
start
good
up
P has moved 1 times.
down
position is b4
Piece at new position is P
nice
Black's move: p
start
good
up
p has moved 2 times.
down
position is b5
Piece at new position is p
nice
White's move: P
P
start
good
capture
up
P has moved 4 times.
down
position is e7
Piece at new position is P
nice
Black's move: k
start
good
up
k has moved 2 times.
down
position is c8
Piece at new position is k
nice
White's move: N
start
good
up
N has moved 2 times.
down
position is f3
Piece at new position is N
nice
Black's move: r
start
good
up
r has moved 1 times.
down
position is g8
Piece at new position is r
nice
White's move: 