Setup Command: Command: Command: Command: Command: Command: Command: Command: Command: Command: Command: Command: Command: Command: Command: Command: Command: Command: Command: Command: Command: Command: Command: Command: Command: Command: Command: Command: Command: Command: Command: Command: Command: Command: Command: White's move: start
good
up
B has moved 1 times.
down
position is g3
Piece at new position is B
nice
Black's move: start
good
capture
up
b has moved 1 times.
down
position is a2
Piece at new position is b
nice
White's move: start
good
capture
up
B has moved 1 times.
down
position is a2
Piece at new position is B
nice
Black's move: start
good
up
b has moved 1 times.
down
position is f3
Piece at new position is b
nice
White's move: start
good
up
B has moved 1 times.
down
position is h3
Piece at new position is B
nice
Black's move: start
good
capture
up
b has moved 1 times.
down
position is b2
Piece at new position is b
nice
White's move: start
good
up
B has moved 1 times.
down
position is f5
Piece at new position is B
nice
Black's move: start
good
capture
up
b has moved 1 times.
down
position is f5
Piece at new position is b
nice
White's move: start
good
capture
up
B has moved 2 times.
down
position is f5
Piece at new position is B
nice
Black's move: start
good
capture
up
b has moved 1 times.
down
position is f5
Piece at new position is b
nice
White's move: start
good
capture
up
B has moved 1 times.
down
position is b2
Piece at new position is B
nice
Black's move: start
good
capture
up
b has moved 1 times.
down
position is a2
Piece at new position is b
nice
White's move: start
good
capture
up
B has moved 1 times.
down
position is f3
Piece at new position is B
nice
Black's move: start
good
capture
up
b has moved 1 times.
down
position is b2
Piece at new position is b
nice
White's move: start
good
capture
up
B has moved 2 times.
down
position is a8
Piece at new position is B
nice
Black's move: start
good
capture
up
b has moved 1 times.
down
position is g3
Piece at new position is b
nice
White's move: start
good
up
B has moved 1 times.
down
position is a4
Piece at new position is B
nice
Black's move: start
good
up
k has moved 1 times.
down
position is f7
Piece at new position is k
nice
White's move: start
good
capture
up
B has moved 1 times.
down
position is b2
Piece at new position is B
nice
Black's move: start
good
up
b has moved 2 times.
down
position is e6
Piece at new position is b
nice
White's move: start
good
up
B has moved 1 times.
down
position is f4
Piece at new position is B
nice
Black's move: start
good
up
b has moved 1 times.
down
position is a5
Piece at new position is b
nice
 but we're checking here? but we're checking here? but we're checking here? but we're checking here? but we're checking here? but we're checking here? but we're checking here? but we're checking here?White's move: start
good
up
B has moved 2 times.
down
position is c3
Piece at new position is B
nice
Black's move: start
good
capture
up
b has moved 2 times.
down
position is f2
Piece at new position is b
nice
 but we're checking here? but we're checking here? but we're checking here? but we're checking here? but we're checking here? but we're checking here? but we're checking here?White's move: start
good
capture
up
B has moved 1 times.
down
position is f2
Piece at new position is B
nice
Black's move: start
good
up
b has moved 1 times.
down
position is b7
Piece at new position is b
nice
White's move: start
good
capture
up
B has moved 3 times.
down
position is a5
Piece at new position is B
nice
Black's move: start
good
up
b has moved 1 times.
down
position is c5
Piece at new position is b
nice
White's move: start
good
capture
up
B has moved 3 times.
down
position is b7
Piece at new position is B
nice
Black's move: start
good
capture
up
b has moved 1 times.
down
position is f4
Piece at new position is b
nice
White's move: start
good
up
B has moved 4 times.
down
position is e4
Piece at new position is B
nice
Black's move: start
good
up
b has moved 2 times.
down
position is b4
Piece at new position is b
nice
 but we're checking here? but we're checking here? but we're checking here? but we're checking here? but we're checking here? but we're checking here?White's move: start
good
capture
up
B has moved 4 times.
down
position is b4
Piece at new position is B
nice
Black's move: start
good
capture
up
b has moved 1 times.
down
position is b4
Piece at new position is b
nice
 but we're checking here? but we're checking here? but we're checking here? but we're checking here? but we're checking here?White's move: start
good
up
K has moved 1 times.
down
position is d1
Piece at new position is K
nice
Black's move: start
good
up
b has moved 1 times.
down
position is g7
Piece at new position is b
nice
White's move: start
good
capture
up
B has moved 5 times.
down
position is f5
Piece at new position is B
nice
Black's move: start
good
up
b has moved 2 times.
down
position is f6
Piece at new position is b
nice
White's move: start
good
up
B has moved 1 times.
down
position is d5
Piece at new position is B
nice
Black's move: start
good
up
b has moved 3 times.
down
position is e5
Piece at new position is b
nice
White's move: start
good
capture
up
B has moved 2 times.
down
position is e6
Piece at new position is B
nice
Black's move: start
good
up
k has moved 2 times.
down
position is e7
Piece at new position is k
nice
White's move: start
good
up
B has moved 2 times.
down
position is h4
Piece at new position is B
nice
Black's move: start
good
up
k has moved 3 times.
down
position is f8
Piece at new position is k
nice
White's move: start
good
up
B has moved 1 times.
down
position is b5
Piece at new position is B
nice
Black's move: start
good
up
b has moved 2 times.
down
position is e3
Piece at new position is b
nice
White's move: start
good
up
B has moved 6 times.
down
position is g6
Piece at new position is B
nice
Black's move: start
good
up
b has moved 2 times.
down
position is d6
Piece at new position is b
nice
White's move: start
good
up
B has moved 2 times.
down
position is d7
Piece at new position is B
nice
Black's move: start
SECOND
Please input a valid move action.
Black's move: start
SECOND
Please input a valid move action.
Black's move: start
FIRST
Please input a valid move action.
Black's move: start
FIRST
Please input a valid move action.
Black's move: start
FIRST
Please input a valid move action.
Black's move: start
good
up
k has moved 4 times.
down
position is g7
Piece at new position is k
nice
White's move: start
FIRST
Please input a valid move action.
White's move: start
FIRST
Please input a valid move action.
White's move: start
good
up
B has moved 3 times.
down
position is f5
Piece at new position is B
nice
Black's move: start
FIRST
Please input a valid move action.
Black's move: start
FIRST
Please input a valid move action.
Black's move: Command: 