Setup Command: Command: Command: Command: Command: Command: Command: Command: Command: White's move: start
good
up
K has moved 1 times.
down
position is g1
Piece at new position is K
nice
h1 --> f1
start
good
up
R has moved 1 times.
down
position is f1
Piece at new position is R
nice
Black's move: start
Legal moves of k: d7 d8 e7 c8 
THIRD
Please input a valid move action.
Black's move: Command: White's move: start
good
up
K has moved 1 times.
down
position is c1
Piece at new position is K
nice
a1 --> d1
start
good
up
R has moved 1 times.
down
position is d1
Piece at new position is R
nice
Black's move: start
Legal moves of k: e7 f7 f8 g8 
THIRD
Please input a valid move action.
Black's move: Command: 