White's move: start
good
up
P has moved 1 times.
down
position is d4
Piece at new position is P
nice
Black's move: start
good
up
n has moved 1 times.
down
position is f6
Piece at new position is n
nice
White's move: start
good
up
P has moved 1 times.
down
position is c4
Piece at new position is P
nice
Black's move: start
good
up
p has moved 1 times.
down
position is e6
Piece at new position is p
nice
White's move: start
good
up
N has moved 1 times.
down
position is f3
Piece at new position is N
nice
Black's move: start
good
up
p has moved 1 times.
down
position is d5
Piece at new position is p
nice
White's move: start
good
up
P has moved 1 times.
down
position is g3
Piece at new position is P
nice
Black's move: start
good
up
b has moved 1 times.
down
position is e7
Piece at new position is b
nice
White's move: start
good
up
B has moved 1 times.
down
position is g2
Piece at new position is B
nice
Black's move: start
good
up
k has moved 1 times.
down
position is g8
Piece at new position is k
nice
h8 --> f8
start
good
up
r has moved 1 times.
down
position is f8
Piece at new position is r
nice
White's move: start
good
up
K has moved 1 times.
down
position is g1
Piece at new position is K
nice
h1 --> f1
start
good
up
R has moved 1 times.
down
position is f1
Piece at new position is R
nice
Black's move: start
good
up
p has moved 1 times.
down
position is c6
Piece at new position is p
nice
White's move: start
good
up
Q has moved 1 times.
down
position is c2
Piece at new position is Q
nice
Black's move: start
good
up
p has moved 1 times.
down
position is b6
Piece at new position is p
nice
White's move: start
good
up
B has moved 1 times.
down
position is f4
Piece at new position is B
nice
Black's move: start
good
up
b has moved 1 times.
down
position is b7
Piece at new position is b
nice
White's move: start
good
up
R has moved 2 times.
down
position is d1
Piece at new position is R
nice
Black's move: start
good
up
n has moved 1 times.
down
position is d7
Piece at new position is n
nice
White's move: start
good
up
N has moved 2 times.
down
position is e5
Piece at new position is N
nice
Black's move: start
good
up
n has moved 2 times.
down
position is h5
Piece at new position is n
nice
White's move: start
good
up
B has moved 2 times.
down
position is d2
Piece at new position is B
nice
Black's move: start
good
up
n has moved 3 times.
down
position is f6
Piece at new position is n
nice
White's move: start
good
up
B has moved 3 times.
down
position is f4
Piece at new position is B
nice
Black's move: start
good
up
n has moved 4 times.
down
position is h5
Piece at new position is n
nice
White's move: start
good
up
B has moved 4 times.
down
position is d2
Piece at new position is B
nice
Black's move: start
good
up
n has moved 5 times.
down
position is f6
Piece at new position is n
nice
White's move: start
good
up
B has moved 5 times.
down
position is f4
Piece at new position is B
nice
Black's move: 