Setup Command: Command: Command: Command: Command: Command: Command: Command: Command: Command: Command: Command: Command: Command: Command: Command: Command: White's move: start
good
up
N has moved 1 times.
down
position is g3
Piece at new position is N
nice
Black's move: start
good
up
n has moved 1 times.
down
position is b6
Piece at new position is n
nice
White's move: start
good
up
N has moved 1 times.
down
position is f3
Piece at new position is N
nice
Black's move: start
good
up
n has moved 1 times.
down
position is c6
Piece at new position is n
nice
White's move: start
good
up
N has moved 1 times.
down
position is e3
Piece at new position is N
nice
Black's move: start
good
up
n has moved 1 times.
down
position is d6
Piece at new position is n
nice
White's move: start
Legal moves of N: g4 g2 f5 c4 c2 f1 d1 
THIRD
Please input a valid move action.
White's move: start
good
up
N has moved 2 times.
down
position is d1
Piece at new position is N
nice
Black's move: start
Legal moves of n: f7 f5 e8 c8 b7 b5 c4 
THIRD
Please input a valid move action.
Black's move: Command: Setup Command: Command: Command: Command: Command: Command: Command: Command: Command: Command: Command: Command: Command: Command: Command: Command: Command: White's move: start
good
capture
up
N has moved 1 times.
down
position is g3
Piece at new position is N
nice
Black's move: start
good
capture
up
n has moved 1 times.
down
position is b6
Piece at new position is n
nice
White's move: start
good
capture
up
N has moved 1 times.
down
position is f3
Piece at new position is N
nice
Black's move: start
good
capture
up
n has moved 1 times.
down
position is c6
Piece at new position is n
nice
White's move: start
good
capture
up
N has moved 1 times.
down
position is e3
Piece at new position is N
nice
Black's move: start
good
capture
up
n has moved 1 times.
down
position is d6
Piece at new position is n
nice
White's move: start
good
up
N has moved 2 times.
down
position is d5
Piece at new position is N
nice
Black's move: start
good
up
n has moved 2 times.
down
position is d4
Piece at new position is n
nice
White's move: start
good
capture
up
N has moved 3 times.
down
position is b6
Piece at new position is N
nice
Black's move: start
good
capture
up
n has moved 3 times.
down
position is f3
Piece at new position is n
nice
White's move: start
good
up
N has moved 4 times.
down
position is c4
Piece at new position is N
nice
Black's move: start
SECOND
Please input a valid move action.
Black's move: start
good
up
n has moved 4 times.
down
position is d2
Piece at new position is n
nice
White's move: start
good
capture
up
N has moved 5 times.
down
position is d6
Piece at new position is N
nice
Black's move: start
good
up
n has moved 5 times.
down
position is e4
Piece at new position is n
nice
White's move: start
good
capture
up
N has moved 6 times.
down
position is e4
Piece at new position is N
nice
Black's move: Command: 