White's move: start
good
up
P has moved 1 times.
down
position is a4
Piece at new position is P
nice
Black's move: start
good
up
p has moved 1 times.
down
position is b5
Piece at new position is p
nice
White's move: start
good
capture
up
P has moved 2 times.
down
position is b5
Piece at new position is P
nice
Black's move: start
good
up
p has moved 1 times.
down
position is a5
Piece at new position is p
nice
White's move: start
good
up
P has moved 3 times.
down
position is a6
Piece at new position is P
nice
Black's move: start
good
up
r has moved 1 times.
down
position is a7
Piece at new position is r
nice
White's move: start
good
up
P has moved 1 times.
down
position is h4
Piece at new position is P
nice
Black's move: start
good
up
r has moved 2 times.
down
position is b7
Piece at new position is r
nice
White's move: start
good
up
P has moved 4 times.
down
position is a7
Piece at new position is P
nice
Black's move: start
good
up
p has moved 1 times.
down
position is g5
Piece at new position is p
nice
White's move: start
good
up
P has moved 5 times.
down
position is a8
Piece at new position is P
nice
Black's move: start
good
capture
up
p has moved 2 times.
down
position is h4
Piece at new position is p
nice
White's move: start
good
up
P has moved 1 times.
down
position is g4
Piece at new position is P
nice
Black's move: start
good
up
p has moved 3 times.
down
position is g3
Piece at new position is p
nice
White's move: start
good
up
N has moved 1 times.
down
position is h3
Piece at new position is N
nice
Black's move: start
good
up
p has moved 4 times.
down
position is g2
Piece at new position is p
nice
White's move: start
good
up
N has moved 2 times.
down
position is g5
Piece at new position is N
nice
Black's move: start
good
up
p has moved 5 times.
down
position is g1
Piece at new position is p
nice
White's move: start
good
capture
up
R has moved 1 times.
down
position is g1
Piece at new position is R
nice
Black's move: start
good
up
r has moved 3 times.
down
position is a7
Piece at new position is r
nice
White's move: start
good
capture
up
Q has moved 1 times.
down
position is a7
Piece at new position is Q
nice
Black's move: start
good
up
p has moved 1 times.
down
position is f6
Piece at new position is p
nice
White's move: start
good
up
P has moved 1 times.
down
position is e4
Piece at new position is P
nice
Black's move: start
good
up
p has moved 2 times.
down
position is f5
Piece at new position is p
nice
White's move: start
good
up
P has moved 2 times.
down
position is e5
Piece at new position is P
nice
Black's move: start
Legal moves of p: f4 
THIRD
Please input a valid move action.
Black's move: start
good
up
p has moved 1 times.
down
position is d6
Piece at new position is p
nice
White's move: start
good
capture
up
P has moved 3 times.
down
position is d6
Piece at new position is P
nice
Black's move: start
good
capture
up
p has moved 1 times.
down
position is d6
Piece at new position is p
nice
White's move: start
good
up
P has moved 1 times.
down
position is c4
Piece at new position is P
nice
Black's move: start
good
up
p has moved 1 times.
down
position is e5
Piece at new position is p
nice
White's move: start
good
up
P has moved 1 times.
down
position is d3
Piece at new position is P
nice
Black's move: start
good
up
p has moved 2 times.
down
position is d5
Piece at new position is p
nice
White's move: start
good
up
P has moved 1 times.
down
position is b3
Piece at new position is P
nice
Black's move: start
good
capture
up
p has moved 3 times.
down
position is c4
Piece at new position is p
nice
White's move: start
good
capture
up
P has moved 2 times.
down
position is c4
Piece at new position is P
nice
Black's move: start
good
up
p has moved 2 times.
down
position is e4
Piece at new position is p
nice
White's move: start
good
capture
up
P has moved 2 times.
down
position is e4
Piece at new position is P
nice
Black's move: start
SECOND
Please input a valid move action.
Black's move: Command: 