Setup Command: Command: Command: Command: Command: Command: Command: Command: Command: Command: Command: Command: Command: Command: Command: Command: Command: Command: Command: Command: Command: Command: Command: Command: Command: Command: Command: Command: Command: Command: Command: Command: Command: Command: Command: White's move: start
good
up
Q has moved 1 times.
down
position is f5
Piece at new position is Q
nice
Black's move: start
good
capture
up
q has moved 1 times.
down
position is f5
Piece at new position is q
nice
White's move: start
good
capture
up
Q has moved 1 times.
down
position is h8
Piece at new position is Q
nice
Black's move: start
good
capture
up
q has moved 1 times.
down
position is g2
Piece at new position is q
nice
White's move: start
good
capture
up
Q has moved 1 times.
down
position is g2
Piece at new position is Q
nice
Black's move: start
good
capture
up
q has moved 1 times.
down
position is f2
Piece at new position is q
nice
 but we're checking here? but we're checking here? but we're checking here? but we're checking here? but we're checking here? but we're checking here? but we're checking here? but we're checking here? but we're checking here? but we're checking here? but we're checking here? but we're checking here?White's move: start
good
capture
up
Q has moved 2 times.
down
position is f2
Piece at new position is Q
nice
Black's move: start
good
capture
up
q has moved 2 times.
down
position is f2
Piece at new position is q
nice
 but we're checking here? but we're checking here? but we're checking here? but we're checking here? but we're checking here? but we're checking here? but we're checking here? but we're checking here? but we're checking here? but we're checking here? but we're checking here?White's move: start
good
capture
up
Q has moved 1 times.
down
position is f2
Piece at new position is Q
nice
Black's move: start
good
capture
up
q has moved 1 times.
down
position is f2
Piece at new position is q
nice
 but we're checking here? but we're checking here? but we're checking here? but we're checking here? but we're checking here? but we're checking here? but we're checking here? but we're checking here? but we're checking here? but we're checking here?Command: White's move: Command: 