Setup Command: Command: Command: Command: Command: Command: Command: Command: Command: Command: Command: Command: Command: Command: Command: Command: Command: Command: Command: Command: Command: Command: Command: Command: Command: Command: Command: Command: Command: Command: Command: Command: Command: Command: Command: White's move: start
good
capture
up
R has moved 1 times.
down
position is h7
Piece at new position is R
nice
Black's move: start
good
capture
up
r has moved 1 times.
down
position is a2
Piece at new position is r
nice
White's move: start
good
capture
up
R has moved 1 times.
down
position is a2
Piece at new position is R
nice
Black's move: start
good
capture
up
r has moved 1 times.
down
position is d2
Piece at new position is r
nice
White's move: start
good
capture
up
R has moved 1 times.
down
position is d2
Piece at new position is R
nice
Black's move: start
good
capture
up
r has moved 1 times.
down
position is b1
Piece at new position is r
nice
White's move: start
good
capture
up
R has moved 1 times.
down
position is b1
Piece at new position is R
nice
Black's move: start
good
capture
up
r has moved 1 times.
down
position is h7
Piece at new position is r
nice
White's move: start
good
capture
up
R has moved 2 times.
down
position is d8
Piece at new position is R
nice
Black's move: start
good
capture
up
r has moved 1 times.
down
position is d8
Piece at new position is r
nice
White's move: start
good
up
R has moved 2 times.
down
position is d2
Piece at new position is R
nice
Black's move: start
good
capture
up
r has moved 1 times.
down
position is g2
Piece at new position is r
nice
White's move: start
good
capture
up
R has moved 3 times.
down
position is d8
Piece at new position is R
nice
Black's move: start
good
capture
up
r has moved 1 times.
down
position is d8
Piece at new position is r
nice
White's move: start
good
capture
up
R has moved 1 times.
down
position is a8
Piece at new position is R
nice
Black's move: start
good
up
r has moved 2 times.
down
position is c8
Piece at new position is r
nice
White's move: start
good
capture
up
R has moved 1 times.
down
position is g2
Piece at new position is R
nice
Black's move: start
good
capture
up
r has moved 3 times.
down
position is a8
Piece at new position is r
nice
White's move: start
good
capture
up
R has moved 1 times.
down
position is f7
Piece at new position is R
nice
Black's move: start
good
up
r has moved 2 times.
down
position is g7
Piece at new position is r
nice
White's move: start
good
capture
up
R has moved 2 times.
down
position is g7
Piece at new position is R
nice
Black's move: start
good
capture
up
r has moved 1 times.
down
position is f7
Piece at new position is r
nice
White's move: start
good
capture
up
R has moved 3 times.
down
position is g8
Piece at new position is R
nice
Black's move: start
good
up
r has moved 2 times.
down
position is f8
Piece at new position is r
nice
White's move: start
good
capture
up
R has moved 4 times.
down
position is f8
Piece at new position is R
nice
Command: Game is not active.
Command: 